run 1
Running Multigrid:
	Domain Size: 512
	Max Box Size: 32
	Number of Multigrid Levels: 8
iteration number = 0, Residual norm: 7.029780e+00
iteration number = 1, Residual norm: 5.921416e-01
iteration number = 2, Residual norm: 1.005210e-01
iteration number = 3, Residual norm: 1.292814e-02
iteration number = 4, Residual norm: 1.613789e-03
iteration number = 5, Residual norm: 2.514663e-04
iteration number = 6, Residual norm: 2.152686e-05
iteration number = 7, Residual norm: 5.923750e-06
iteration number = 8, Residual norm: 3.948589e-07
iteration number = 9, Residual norm: 1.605989e-07
iteration number = 10, Residual norm: 2.959534e-08
iteration number = 11, Residual norm: 7.677852e-09
iteration number = 12, Residual norm: 1.638776e-09
iteration number = 13, Residual norm: 3.431392e-10
iteration number = 14, Residual norm: 5.800449e-11
iteration number = 15, Residual norm: 2.358891e-11
iteration number = 16, Residual norm: 2.591816e-11
iteration number = 17, Residual norm: 2.978018e-11
iteration number = 18, Residual norm: 2.248601e-11
iteration number = 19, Residual norm: 1.839140e-11
Error: 1.254971e-05
run 2
Running Multigrid:
	Domain Size: 512
	Max Box Size: 32
	Number of Multigrid Levels: 8
iteration number = 0, Residual norm: 7.029780e+00
iteration number = 1, Residual norm: 5.921416e-01
iteration number = 2, Residual norm: 1.005210e-01
iteration number = 3, Residual norm: 1.292814e-02
iteration number = 4, Residual norm: 1.613789e-03
iteration number = 5, Residual norm: 2.514663e-04
iteration number = 6, Residual norm: 2.152686e-05
iteration number = 7, Residual norm: 5.923750e-06
iteration number = 8, Residual norm: 3.948589e-07
iteration number = 9, Residual norm: 1.605989e-07
iteration number = 10, Residual norm: 2.959534e-08
iteration number = 11, Residual norm: 7.677852e-09
iteration number = 12, Residual norm: 1.638776e-09
iteration number = 13, Residual norm: 3.431392e-10
iteration number = 14, Residual norm: 5.800449e-11
iteration number = 15, Residual norm: 2.358891e-11
iteration number = 16, Residual norm: 2.591816e-11
iteration number = 17, Residual norm: 2.978018e-11
iteration number = 18, Residual norm: 2.248601e-11
iteration number = 19, Residual norm: 1.839140e-11
Error: 1.254971e-05
run 3
srun: Job 16716907 step creation temporarily disabled, retrying
srun: Step created for job 16716907
Running Multigrid:
	Domain Size: 512
	Max Box Size: 32
	Number of Multigrid Levels: 8
iteration number = 0, Residual norm: 7.029780e+00
iteration number = 1, Residual norm: 5.921416e-01
iteration number = 2, Residual norm: 1.005210e-01
iteration number = 3, Residual norm: 1.292814e-02
iteration number = 4, Residual norm: 1.613789e-03
iteration number = 5, Residual norm: 2.514663e-04
iteration number = 6, Residual norm: 2.152686e-05
iteration number = 7, Residual norm: 5.923750e-06
iteration number = 8, Residual norm: 3.948589e-07
iteration number = 9, Residual norm: 1.605989e-07
iteration number = 10, Residual norm: 2.959534e-08
iteration number = 11, Residual norm: 7.677852e-09
iteration number = 12, Residual norm: 1.638776e-09
iteration number = 13, Residual norm: 3.431392e-10
iteration number = 14, Residual norm: 5.800449e-11
iteration number = 15, Residual norm: 2.358891e-11
iteration number = 16, Residual norm: 2.591816e-11
iteration number = 17, Residual norm: 2.978018e-11
iteration number = 18, Residual norm: 2.248601e-11
iteration number = 19, Residual norm: 1.839140e-11
Error: 1.254971e-05
run 4
Running Multigrid:
	Domain Size: 512
	Max Box Size: 32
	Number of Multigrid Levels: 8
iteration number = 0, Residual norm: 7.029780e+00
iteration number = 1, Residual norm: 5.921416e-01
iteration number = 2, Residual norm: 1.005210e-01
iteration number = 3, Residual norm: 1.292814e-02
iteration number = 4, Residual norm: 1.613789e-03
iteration number = 5, Residual norm: 2.514663e-04
iteration number = 6, Residual norm: 2.152686e-05
iteration number = 7, Residual norm: 5.923750e-06
iteration number = 8, Residual norm: 3.948589e-07
iteration number = 9, Residual norm: 1.605989e-07
iteration number = 10, Residual norm: 2.959534e-08
iteration number = 11, Residual norm: 7.677852e-09
iteration number = 12, Residual norm: 1.638776e-09
iteration number = 13, Residual norm: 3.431392e-10
iteration number = 14, Residual norm: 5.800449e-11
iteration number = 15, Residual norm: 2.358891e-11
iteration number = 16, Residual norm: 2.591816e-11
iteration number = 17, Residual norm: 2.978018e-11
iteration number = 18, Residual norm: 2.248601e-11
iteration number = 19, Residual norm: 1.839140e-11
Error: 1.254971e-05
run 5
Running Multigrid:
	Domain Size: 512
	Max Box Size: 32
	Number of Multigrid Levels: 8
iteration number = 0, Residual norm: 7.029780e+00
iteration number = 1, Residual norm: 5.921416e-01
iteration number = 2, Residual norm: 1.005210e-01
iteration number = 3, Residual norm: 1.292814e-02
iteration number = 4, Residual norm: 1.613789e-03
iteration number = 5, Residual norm: 2.514663e-04
iteration number = 6, Residual norm: 2.152686e-05
iteration number = 7, Residual norm: 5.923750e-06
iteration number = 8, Residual norm: 3.948589e-07
iteration number = 9, Residual norm: 1.605989e-07
iteration number = 10, Residual norm: 2.959534e-08
iteration number = 11, Residual norm: 7.677852e-09
iteration number = 12, Residual norm: 1.638776e-09
iteration number = 13, Residual norm: 3.431392e-10
iteration number = 14, Residual norm: 5.800449e-11
iteration number = 15, Residual norm: 2.358891e-11
iteration number = 16, Residual norm: 2.591816e-11
iteration number = 17, Residual norm: 2.978018e-11
iteration number = 18, Residual norm: 2.248601e-11
iteration number = 19, Residual norm: 1.839140e-11
Error: 1.254971e-05
run 6
Running Multigrid:
	Domain Size: 512
	Max Box Size: 32
	Number of Multigrid Levels: 8
iteration number = 0, Residual norm: 7.029780e+00
iteration number = 1, Residual norm: 5.921416e-01
iteration number = 2, Residual norm: 1.005210e-01
iteration number = 3, Residual norm: 1.292814e-02
iteration number = 4, Residual norm: 1.613789e-03
iteration number = 5, Residual norm: 2.514663e-04
iteration number = 6, Residual norm: 2.152686e-05
iteration number = 7, Residual norm: 5.923750e-06
iteration number = 8, Residual norm: 3.948589e-07
iteration number = 9, Residual norm: 1.605989e-07
iteration number = 10, Residual norm: 2.959534e-08
iteration number = 11, Residual norm: 7.677852e-09
iteration number = 12, Residual norm: 1.638776e-09
iteration number = 13, Residual norm: 3.431392e-10
iteration number = 14, Residual norm: 5.800449e-11
iteration number = 15, Residual norm: 2.358891e-11
iteration number = 16, Residual norm: 2.591816e-11
iteration number = 17, Residual norm: 2.978018e-11
iteration number = 18, Residual norm: 2.248601e-11
iteration number = 19, Residual norm: 1.839140e-11
Error: 1.254971e-05
run 7
Running Multigrid:
	Domain Size: 512
	Max Box Size: 32
	Number of Multigrid Levels: 8
iteration number = 0, Residual norm: 7.029780e+00
iteration number = 1, Residual norm: 5.921416e-01
iteration number = 2, Residual norm: 1.005210e-01
iteration number = 3, Residual norm: 1.292814e-02
iteration number = 4, Residual norm: 1.613789e-03
iteration number = 5, Residual norm: 2.514663e-04
iteration number = 6, Residual norm: 2.152686e-05
iteration number = 7, Residual norm: 5.923750e-06
iteration number = 8, Residual norm: 3.948589e-07
iteration number = 9, Residual norm: 1.605989e-07
iteration number = 10, Residual norm: 2.959534e-08
iteration number = 11, Residual norm: 7.677852e-09
iteration number = 12, Residual norm: 1.638776e-09
iteration number = 13, Residual norm: 3.431392e-10
iteration number = 14, Residual norm: 5.800449e-11
iteration number = 15, Residual norm: 2.358891e-11
iteration number = 16, Residual norm: 2.591816e-11
iteration number = 17, Residual norm: 2.978018e-11
iteration number = 18, Residual norm: 2.248601e-11
iteration number = 19, Residual norm: 1.839140e-11
Error: 1.254971e-05
run 8
Running Multigrid:
	Domain Size: 512
	Max Box Size: 32
	Number of Multigrid Levels: 8
iteration number = 0, Residual norm: 7.029780e+00
iteration number = 1, Residual norm: 5.921416e-01
iteration number = 2, Residual norm: 1.005210e-01
iteration number = 3, Residual norm: 1.292814e-02
iteration number = 4, Residual norm: 1.613789e-03
iteration number = 5, Residual norm: 2.514663e-04
iteration number = 6, Residual norm: 2.152686e-05
iteration number = 7, Residual norm: 5.923750e-06
iteration number = 8, Residual norm: 3.948589e-07
iteration number = 9, Residual norm: 1.605989e-07
iteration number = 10, Residual norm: 2.959534e-08
iteration number = 11, Residual norm: 7.677852e-09
iteration number = 12, Residual norm: 1.638776e-09
iteration number = 13, Residual norm: 3.431392e-10
iteration number = 14, Residual norm: 5.800449e-11
iteration number = 15, Residual norm: 2.358891e-11
iteration number = 16, Residual norm: 2.591816e-11
iteration number = 17, Residual norm: 2.978018e-11
iteration number = 18, Residual norm: 2.248601e-11
iteration number = 19, Residual norm: 1.839140e-11
Error: 1.254971e-05
run 9
srun: Job 16716907 step creation temporarily disabled, retrying
srun: Step created for job 16716907
Running Multigrid:
	Domain Size: 512
	Max Box Size: 32
	Number of Multigrid Levels: 8
iteration number = 0, Residual norm: 7.029780e+00
iteration number = 1, Residual norm: 5.921416e-01
iteration number = 2, Residual norm: 1.005210e-01
iteration number = 3, Residual norm: 1.292814e-02
iteration number = 4, Residual norm: 1.613789e-03
iteration number = 5, Residual norm: 2.514663e-04
iteration number = 6, Residual norm: 2.152686e-05
iteration number = 7, Residual norm: 5.923750e-06
iteration number = 8, Residual norm: 3.948589e-07
iteration number = 9, Residual norm: 1.605989e-07
iteration number = 10, Residual norm: 2.959534e-08
iteration number = 11, Residual norm: 7.677852e-09
iteration number = 12, Residual norm: 1.638776e-09
iteration number = 13, Residual norm: 3.431392e-10
iteration number = 14, Residual norm: 5.800449e-11
iteration number = 15, Residual norm: 2.358891e-11
iteration number = 16, Residual norm: 2.591816e-11
iteration number = 17, Residual norm: 2.978018e-11
iteration number = 18, Residual norm: 2.248601e-11
iteration number = 19, Residual norm: 1.839140e-11
Error: 1.254971e-05
run 10
srun: Job 16716907 step creation temporarily disabled, retrying
srun: Step created for job 16716907
Running Multigrid:
	Domain Size: 512
	Max Box Size: 32
	Number of Multigrid Levels: 8
iteration number = 0, Residual norm: 7.029780e+00
iteration number = 1, Residual norm: 5.921416e-01
iteration number = 2, Residual norm: 1.005210e-01
iteration number = 3, Residual norm: 1.292814e-02
iteration number = 4, Residual norm: 1.613789e-03
iteration number = 5, Residual norm: 2.514663e-04
iteration number = 6, Residual norm: 2.152686e-05
iteration number = 7, Residual norm: 5.923750e-06
iteration number = 8, Residual norm: 3.948589e-07
iteration number = 9, Residual norm: 1.605989e-07
iteration number = 10, Residual norm: 2.959534e-08
iteration number = 11, Residual norm: 7.677852e-09
iteration number = 12, Residual norm: 1.638776e-09
iteration number = 13, Residual norm: 3.431392e-10
iteration number = 14, Residual norm: 5.800449e-11
iteration number = 15, Residual norm: 2.358891e-11
iteration number = 16, Residual norm: 2.591816e-11
iteration number = 17, Residual norm: 2.978018e-11
iteration number = 18, Residual norm: 2.248601e-11
iteration number = 19, Residual norm: 1.839140e-11
Error: 1.254971e-05
